# JRE version: OpenJDK Runtime Environment (8.0_112-b06) (build 1.8.0_112-release-b06)
# Java VM: OpenJDK 64-Bit Server VM (25.112-b06 mixed mode linux-amd64 compressed oops)
Heap:
 PSYoungGen      total 1100288K, used 151522K [0x000000076ab00000, 0x00000007b7700000, 0x00000007c0000000)
  eden space 943104K, 0% used [0x000000076ab00000,0x000000076ab00000,0x00000007a4400000)
  from space 157184K, 96% used [0x00000007a4400000,0x00000007ad7f8870,0x00000007add80000)
  to   space 144384K, 0% used [0x00000007add80000,0x00000007add80000,0x00000007b6a80000)
 ParOldGen       total 507904K, used 421122K [0x00000006c0000000, 0x00000006df000000, 0x000000076ab00000)
  object space 507904K, 82% used [0x00000006c0000000,0x00000006d9b409c0,0x00000006df000000)
 Metaspace       used 6404K, capacity 7280K, committed 7552K, reserved 1056768K
  class space    used 583K, capacity 616K, committed 640K, reserved 1048576K
GC Heap History (10 events):
Event: 16.405 GC heap after
Heap after GC invocations=12 (full 2):
 PSYoungGen      total 750592K, used 74061K [0x000000076ab00000, 0x000000079f700000, 0x00000007c0000000)
  eden space 662528K, 0% used [0x000000076ab00000,0x000000076ab00000,0x0000000793200000)
  from space 88064K, 84% used [0x0000000799200000,0x000000079da53790,0x000000079e800000)
  to   space 98304K, 0% used [0x0000000793200000,0x0000000793200000,0x0000000799200000)
 ParOldGen       total 235008K, used 153269K [0x00000006c0000000, 0x00000006ce580000, 0x000000076ab00000)
  object space 235008K, 65% used [0x00000006c0000000,0x00000006c95ad528,0x00000006ce580000)
 Metaspace       used 6365K, capacity 7280K, committed 7552K, reserved 1056768K
  class space    used 582K, capacity 616K, committed 640K, reserved 1048576K
}
Event: 24.095 GC heap before
{Heap before GC invocations=13 (full 2):
 PSYoungGen      total 750592K, used 736589K [0x000000076ab00000, 0x000000079f700000, 0x00000007c0000000)
  eden space 662528K, 100% used [0x000000076ab00000,0x0000000793200000,0x0000000793200000)
  from space 88064K, 84% used [0x0000000799200000,0x000000079da53790,0x000000079e800000)
  to   space 98304K, 0% used [0x0000000793200000,0x0000000793200000,0x0000000799200000)
 ParOldGen       total 235008K, used 153269K [0x00000006c0000000, 0x00000006ce580000, 0x000000076ab00000)
  object space 235008K, 65% used [0x00000006c0000000,0x00000006c95ad528,0x00000006ce580000)
 Metaspace       used 6387K, capacity 7280K, committed 7552K, reserved 1056768K
  class space    used 582K, capacity 616K, committed 640K, reserved 1048576K
Event: 29.541 GC heap after
Heap after GC invocations=13 (full 2):
 PSYoungGen      total 760832K, used 98290K [0x000000076ab00000, 0x00000007b6a80000, 0x00000007c0000000)
  eden space 662528K, 0% used [0x000000076ab00000,0x000000076ab00000,0x0000000793200000)
  from space 98304K, 99% used [0x0000000793200000,0x00000007991fc800,0x0000000799200000)
  to   space 144384K, 0% used [0x00000007add80000,0x00000007add80000,0x00000007b6a80000)
 ParOldGen       total 235008K, used 232289K [0x00000006c0000000, 0x00000006ce580000, 0x000000076ab00000)
  object space 235008K, 98% used [0x00000006c0000000,0x00000006ce2d8648,0x00000006ce580000)
 Metaspace       used 6387K, capacity 7280K, committed 7552K, reserved 1056768K
  class space    used 582K, capacity 616K, committed 640K, reserved 1048576K
}
Event: 29.541 GC heap before
{Heap before GC invocations=14 (full 3):
 PSYoungGen      total 760832K, used 98290K [0x000000076ab00000, 0x00000007b6a80000, 0x00000007c0000000)
  eden space 662528K, 0% used [0x000000076ab00000,0x000000076ab00000,0x0000000793200000)
  from space 98304K, 99% used [0x0000000793200000,0x00000007991fc800,0x0000000799200000)
  to   space 144384K, 0% used [0x00000007add80000,0x00000007add80000,0x00000007b6a80000)
 ParOldGen       total 235008K, used 232289K [0x00000006c0000000, 0x00000006ce580000, 0x000000076ab00000)
  object space 235008K, 98% used [0x00000006c0000000,0x00000006ce2d8648,0x00000006ce580000)
 Metaspace       used 6387K, capacity 7280K, committed 7552K, reserved 1056768K
  class space    used 582K, capacity 616K, committed 640K, reserved 1048576K
Event: 33.920 GC heap after
Heap after GC invocations=14 (full 3):
 PSYoungGen      total 760832K, used 87304K [0x000000076ab00000, 0x00000007b6a80000, 0x00000007c0000000)
  eden space 662528K, 0% used [0x000000076ab00000,0x000000076ab00000,0x0000000793200000)
  from space 98304K, 88% used [0x0000000793200000,0x0000000798742370,0x0000000799200000)
  to   space 144384K, 0% used [0x00000007add80000,0x00000007add80000,0x00000007b6a80000)
 ParOldGen       total 354304K, used 234810K [0x00000006c0000000, 0x00000006d5a00000, 0x000000076ab00000)
  object space 354304K, 66% used [0x00000006c0000000,0x00000006ce54e878,0x00000006d5a00000)
 Metaspace       used 6387K, capacity 7280K, committed 7552K, reserved 1056768K
  class space    used 582K, capacity 616K, committed 640K, reserved 1048576K
}
Event: 38.678 GC heap before
{Heap before GC invocations=15 (full 3):
 PSYoungGen      total 760832K, used 749832K [0x000000076ab00000, 0x00000007b6a80000, 0x00000007c0000000)
  eden space 662528K, 100% used [0x000000076ab00000,0x0000000793200000,0x0000000793200000)
  from space 98304K, 88% used [0x0000000793200000,0x0000000798742370,0x0000000799200000)
  to   space 144384K, 0% used [0x00000007add80000,0x00000007add80000,0x00000007b6a80000)
 ParOldGen       total 354304K, used 234810K [0x00000006c0000000, 0x00000006d5a00000, 0x000000076ab00000)
  object space 354304K, 66% used [0x00000006c0000000,0x00000006ce54e878,0x00000006d5a00000)
 Metaspace       used 6390K, capacity 7280K, committed 7552K, reserved 1056768K
  class space    used 582K, capacity 616K, committed 640K, reserved 1048576K
Event: 48.651 GC heap after
Heap after GC invocations=15 (full 3):
 PSYoungGen      total 1087488K, used 109185K [0x000000076ab00000, 0x00000007b7700000, 0x00000007c0000000)
  eden space 943104K, 0% used [0x000000076ab00000,0x000000076ab00000,0x00000007a4400000)
  from space 144384K, 75% used [0x00000007add80000,0x00000007b4820580,0x00000007b6a80000)
  to   space 157184K, 0% used [0x00000007a4400000,0x00000007a4400000,0x00000007add80000)
 ParOldGen       total 354304K, used 322827K [0x00000006c0000000, 0x00000006d5a00000, 0x000000076ab00000)
  object space 354304K, 91% used [0x00000006c0000000,0x00000006d3b42e18,0x00000006d5a00000)
 Metaspace       used 6390K, capacity 7280K, committed 7552K, reserved 1056768K
  class space    used 582K, capacity 616K, committed 640K, reserved 1048576K
}
Event: 48.651 GC heap before
{Heap before GC invocations=16 (full 4):
 PSYoungGen      total 1087488K, used 109185K [0x000000076ab00000, 0x00000007b7700000, 0x00000007c0000000)
  eden space 943104K, 0% used [0x000000076ab00000,0x000000076ab00000,0x00000007a4400000)
  from space 144384K, 75% used [0x00000007add80000,0x00000007b4820580,0x00000007b6a80000)
  to   space 157184K, 0% used [0x00000007a4400000,0x00000007a4400000,0x00000007add80000)
 ParOldGen       total 354304K, used 322827K [0x00000006c0000000, 0x00000006d5a00000, 0x000000076ab00000)
  object space 354304K, 91% used [0x00000006c0000000,0x00000006d3b42e18,0x00000006d5a00000)
 Metaspace       used 6390K, capacity 7280K, committed 7552K, reserved 1056768K
  class space    used 582K, capacity 616K, committed 640K, reserved 1048576K
Event: 50.997 GC heap after
Heap after GC invocations=16 (full 4):
 PSYoungGen      total 1087488K, used 71255K [0x000000076ab00000, 0x00000007b7700000, 0x00000007c0000000)
  eden space 943104K, 0% used [0x000000076ab00000,0x000000076ab00000,0x00000007a4400000)
  from space 144384K, 49% used [0x00000007add80000,0x00000007b2315ea8,0x00000007b6a80000)
  to   space 157184K, 0% used [0x00000007a4400000,0x00000007a4400000,0x00000007add80000)
 ParOldGen       total 507904K, used 354249K [0x00000006c0000000, 0x00000006df000000, 0x000000076ab00000)
  object space 507904K, 69% used [0x00000006c0000000,0x00000006d59f2610,0x00000006df000000)
 Metaspace       used 6390K, capacity 7280K, committed 7552K, reserved 1056768K
  class space    used 582K, capacity 616K, committed 640K, reserved 1048576K
}
Event: 61.398 GC heap before
{Heap before GC invocations=17 (full 4):
 PSYoungGen      total 1087488K, used 1014359K [0x000000076ab00000, 0x00000007b7700000, 0x00000007c0000000)
  eden space 943104K, 100% used [0x000000076ab00000,0x00000007a4400000,0x00000007a4400000)
  from space 144384K, 49% used [0x00000007add80000,0x00000007b2315ea8,0x00000007b6a80000)
  to   space 157184K, 0% used [0x00000007a4400000,0x00000007a4400000,0x00000007add80000)
 ParOldGen       total 507904K, used 354249K [0x00000006c0000000, 0x00000006df000000, 0x000000076ab00000)
  object space 507904K, 69% used [0x00000006c0000000,0x00000006d59f2610,0x00000006df000000)
 Metaspace       used 6404K, capacity 7280K, committed 7552K, reserved 1056768K
  class space    used 583K, capacity 616K, committed 640K, reserved 1048576K

